2025-08-20 01:57:57 - INFO - Testing phase passed. No errors found.
2025-08-20 01:57:57 - INFO - Build started for commit ID: 9599ef3f
2025-08-20 01:57:57 - ERROR - Deployment failed: Connection timeout to server 192.168.1.44
2025-08-20 01:57:57 - INFO - Build stage completed successfully in 2781ms
2025-08-20 01:57:57 - INFO - Artifact published successfully.
2025-08-20 01:57:57 - INFO - Artifact published successfully.
2025-08-20 01:57:57 - INFO - Artifact published successfully.
2025-08-20 01:57:57 - INFO - Artifact published successfully.
2025-08-20 01:57:57 - INFO - Build stage completed successfully in 4920ms
2025-08-20 01:57:57 - INFO - Deployment to staging environment started.
2025-08-20 01:57:57 - INFO - Artifact published successfully.
2025-08-20 01:57:57 - INFO - Testing phase passed. No errors found.
2025-08-20 01:57:57 - INFO - Artifact published successfully.
2025-08-20 01:57:57 - ERROR - Test suite failed: test_feature_5
2025-08-20 01:57:57 - INFO - Build stage completed successfully in 3229ms
2025-08-20 01:57:57 - INFO - Testing phase passed. No errors found.
2025-08-20 01:57:57 - INFO - Testing phase passed. No errors found.
2025-08-20 01:57:57 - INFO - Build started for commit ID: 98fb5411
2025-08-20 01:57:57 - INFO - Build started for commit ID: b6f2cca6
2025-08-20 01:57:57 - INFO - Artifact published successfully.
2025-08-20 01:57:57 - INFO - Testing phase passed. No errors found.
2025-08-20 01:57:57 - INFO - Build started for commit ID: a904fb27
2025-08-20 01:57:57 - INFO - Deployment to staging environment started.
2025-08-20 01:57:57 - INFO - Build stage completed successfully in 4266ms
2025-08-20 01:57:57 - INFO - Build started for commit ID: 08f51339
2025-08-20 01:57:57 - INFO - Testing phase passed. No errors found.
2025-08-20 01:57:57 - INFO - Artifact published successfully.
2025-08-20 01:57:57 - INFO - Artifact published successfully.
2025-08-20 01:57:57 - WARNING - Node version mismatch. Using fallback.
2025-08-20 01:57:57 - INFO - Build started for commit ID: 44ab6acb
2025-08-20 01:57:57 - ERROR - Container deployment error: Image app_image:v3.2 not found
2025-08-20 01:57:57 - INFO - Build stage completed successfully in 2302ms
2025-08-20 01:57:57 - INFO - Testing phase passed. No errors found.
2025-08-20 01:57:57 - INFO - Artifact published successfully.
2025-08-20 01:57:57 - ERROR - Build failed due to compilation errors in src/app_4.py
2025-08-20 01:57:57 - INFO - Artifact published successfully.
2025-08-20 01:57:57 - INFO - Deployment to staging environment started.
2025-08-20 01:57:57 - INFO - Deployment to staging environment started.
2025-08-20 01:57:57 - INFO - Artifact published successfully.
2025-08-20 01:57:57 - WARNING - Node version mismatch. Using fallback.
2025-08-20 01:57:57 - INFO - Artifact published successfully.
2025-08-20 01:57:57 - ERROR - Test suite failed: test_feature_8
2025-08-20 01:57:57 - INFO - Testing phase passed. No errors found.
2025-08-20 01:57:57 - INFO - Testing phase passed. No errors found.
2025-08-20 01:57:57 - INFO - Build stage completed successfully in 3965ms
2025-08-20 01:57:57 - INFO - Artifact published successfully.
2025-08-20 01:57:57 - INFO - Testing phase passed. No errors found.
2025-08-20 01:57:57 - INFO - Deployment to staging environment started.
2025-08-20 01:57:57 - INFO - Deployment to staging environment started.
2025-08-20 01:57:57 - INFO - Build stage completed successfully in 3967ms
2025-08-20 01:57:57 - INFO - Build started for commit ID: 1243a677
2025-08-20 01:57:57 - INFO - Build stage completed successfully in 3210ms
2025-08-20 01:57:57 - INFO - Artifact published successfully.
2025-08-20 01:57:57 - WARNING - Build took longer than expected: 785ms
2025-08-20 01:57:57 - WARNING - Disk usage above 80% on agent server
2025-08-20 01:57:57 - INFO - Build stage completed successfully in 3456ms
2025-08-20 01:57:57 - INFO - Artifact published successfully.
2025-08-20 01:57:57 - WARNING - Node version mismatch. Using fallback.
2025-08-20 01:57:57 - WARNING - Node version mismatch. Using fallback.
2025-08-20 01:57:57 - INFO - Build stage completed successfully in 3220ms
2025-08-20 01:57:57 - INFO - Build stage completed successfully in 4077ms
2025-08-20 01:57:57 - INFO - Build stage completed successfully in 1037ms
2025-08-20 01:57:57 - INFO - Deployment to staging environment started.
2025-08-20 01:57:57 - INFO - Artifact published successfully.
2025-08-20 01:57:57 - INFO - Testing phase passed. No errors found.
2025-08-20 01:57:57 - ERROR - Test suite failed: test_feature_10
2025-08-20 01:57:57 - INFO - Testing phase passed. No errors found.
2025-08-20 01:57:57 - WARNING - Build took longer than expected: 4365ms
2025-08-20 01:57:57 - INFO - Testing phase passed. No errors found.
2025-08-20 01:57:57 - INFO - Artifact published successfully.
2025-08-20 01:57:57 - INFO - Build stage completed successfully in 302ms
2025-08-20 01:57:57 - INFO - Testing phase passed. No errors found.
2025-08-20 01:57:57 - INFO - Deployment to staging environment started.
2025-08-20 01:57:57 - INFO - Build started for commit ID: ef21f2e0
2025-08-20 01:57:57 - ERROR - Test suite failed: test_feature_10
2025-08-20 01:57:57 - INFO - Artifact published successfully.
2025-08-20 01:57:57 - INFO - Artifact published successfully.
2025-08-20 01:57:57 - INFO - Artifact published successfully.
2025-08-20 01:57:57 - INFO - Build started for commit ID: ce045877
2025-08-20 01:57:57 - INFO - Testing phase passed. No errors found.
2025-08-20 01:57:57 - INFO - Build started for commit ID: 9e988087
2025-08-20 01:57:57 - INFO - Build started for commit ID: df80d1a3
2025-08-20 01:57:57 - INFO - Build stage completed successfully in 4255ms
2025-08-20 01:57:57 - INFO - Build stage completed successfully in 2219ms
2025-08-20 01:57:57 - INFO - Testing phase passed. No errors found.
2025-08-20 01:57:57 - WARNING - Node version mismatch. Using fallback.
2025-08-20 01:57:57 - INFO - Artifact published successfully.
2025-08-20 01:57:57 - INFO - Build started for commit ID: 0457168f
2025-08-20 01:57:57 - ERROR - Test suite failed: test_feature_6
2025-08-20 01:57:57 - INFO - Build stage completed successfully in 1746ms
2025-08-20 01:57:57 - INFO - Build started for commit ID: 67697674
2025-08-20 01:57:57 - INFO - Build stage completed successfully in 4494ms
2025-08-20 01:57:57 - INFO - Deployment to staging environment started.
2025-08-20 01:57:57 - INFO - Build stage completed successfully in 335ms
2025-08-20 01:57:57 - INFO - Build stage completed successfully in 2912ms
2025-08-20 01:57:57 - WARNING - Build took longer than expected: 2527ms
2025-08-20 01:57:57 - INFO - Build started for commit ID: 75b5ef48
2025-08-20 01:57:57 - INFO - Artifact published successfully.
2025-08-20 01:57:57 - INFO - Deployment to staging environment started.
2025-08-20 01:57:57 - INFO - Artifact published successfully.
2025-08-20 01:57:57 - INFO - Build stage completed successfully in 3472ms
2025-08-20 01:57:57 - INFO - Build started for commit ID: f93b0d0b
2025-08-20 01:57:57 - INFO - Build started for commit ID: 6dcfa0b1
2025-08-20 01:57:57 - ERROR - Container deployment error: Image app_image:v3.4 not found
2025-08-20 01:57:57 - INFO - Deployment to staging environment started.
2025-08-20 01:57:57 - INFO - Testing phase passed. No errors found.
2025-08-20 01:57:57 - INFO - Build stage completed successfully in 1119ms
2025-08-20 01:57:57 - INFO - Testing phase passed. No errors found.
2025-08-20 01:57:57 - INFO - Testing phase passed. No errors found.
2025-08-20 01:57:57 - INFO - Deployment to staging environment started.
2025-08-20 01:57:57 - ERROR - Deployment failed: Connection timeout to server 192.168.1.22
2025-08-20 01:57:57 - INFO - Deployment to staging environment started.
2025-08-20 01:57:57 - INFO - Build stage completed successfully in 4236ms
2025-08-20 01:57:57 - WARNING - Disk usage above 80% on agent server
2025-08-20 01:57:57 - WARNING - Node version mismatch. Using fallback.
2025-08-20 01:57:57 - ERROR - Build failed due to compilation errors in src/app_3.py
2025-08-20 01:57:57 - INFO - Build stage completed successfully in 419ms
2025-08-20 01:57:57 - INFO - Testing phase passed. No errors found.
2025-08-20 01:57:57 - ERROR - Test suite failed: test_feature_7
2025-08-20 01:57:57 - INFO - Testing phase passed. No errors found.
2025-08-20 01:57:57 - INFO - Build stage completed successfully in 3072ms
2025-08-20 01:57:57 - ERROR - Build failed due to compilation errors in src/app_2.py
2025-08-20 01:57:57 - INFO - Build started for commit ID: b8896a79
2025-08-20 01:57:57 - INFO - Deployment to staging environment started.
2025-08-20 01:57:57 - INFO - Deployment to staging environment started.
2025-08-20 01:57:57 - INFO - Build started for commit ID: c04c0adb
2025-08-20 01:57:57 - INFO - Artifact published successfully.
2025-08-20 01:57:57 - INFO - Build stage completed successfully in 150ms
2025-08-20 01:57:57 - INFO - Deployment to staging environment started.
2025-08-20 01:57:57 - INFO - Artifact published successfully.
2025-08-20 01:57:57 - INFO - Deployment to staging environment started.
2025-08-20 01:57:57 - INFO - Build started for commit ID: b1dc2637
2025-08-20 01:57:57 - INFO - Deployment to staging environment started.
2025-08-20 01:57:57 - ERROR - Container deployment error: Image app_image:v2.0 not found
2025-08-20 01:57:57 - INFO - Artifact published successfully.
2025-08-20 01:57:57 - INFO - Build stage completed successfully in 2576ms
2025-08-20 01:57:57 - INFO - Build started for commit ID: ef4b5724
2025-08-20 01:57:57 - INFO - Build started for commit ID: 703be56c
2025-08-20 01:57:57 - INFO - Artifact published successfully.
2025-08-20 01:57:57 - INFO - Build stage completed successfully in 3949ms
2025-08-20 01:57:57 - WARNING - Disk usage above 80% on agent server
2025-08-20 01:57:57 - INFO - Build started for commit ID: 5aa4a46d
2025-08-20 01:57:57 - INFO - Artifact published successfully.
2025-08-20 01:57:57 - INFO - Build started for commit ID: d6823452
2025-08-20 01:57:57 - INFO - Artifact published successfully.
2025-08-20 01:57:57 - INFO - Build started for commit ID: 60d71497
2025-08-20 01:57:57 - INFO - Build stage completed successfully in 3915ms
2025-08-20 01:57:57 - INFO - Deployment to staging environment started.
2025-08-20 01:57:57 - INFO - Build started for commit ID: cbfb3aaf
2025-08-20 01:57:57 - INFO - Artifact published successfully.
2025-08-20 01:57:57 - INFO - Artifact published successfully.
2025-08-20 01:57:57 - INFO - Build stage completed successfully in 4240ms
2025-08-20 01:57:57 - ERROR - Container deployment error: Image app_image:v2.5 not found
2025-08-20 01:57:57 - INFO - Build started for commit ID: f86e9efa
2025-08-20 01:57:57 - INFO - Testing phase passed. No errors found.
2025-08-20 01:57:57 - INFO - Deployment to staging environment started.
2025-08-20 01:57:57 - ERROR - Deployment failed: Connection timeout to server 192.168.1.29
2025-08-20 01:57:57 - INFO - Artifact published successfully.
2025-08-20 01:57:57 - ERROR - Build failed due to compilation errors in src/app_3.py
2025-08-20 01:57:57 - INFO - Artifact published successfully.
2025-08-20 01:57:57 - INFO - Build stage completed successfully in 3625ms
2025-08-20 01:57:57 - INFO - Artifact published successfully.
2025-08-20 01:57:57 - INFO - Testing phase passed. No errors found.
2025-08-20 01:57:57 - INFO - Build stage completed successfully in 1508ms
2025-08-20 01:57:57 - INFO - Build stage completed successfully in 2174ms
2025-08-20 01:57:57 - INFO - Build started for commit ID: 69a6ee24
2025-08-20 01:57:57 - INFO - Deployment to staging environment started.
2025-08-20 01:57:57 - INFO - Deployment to staging environment started.
2025-08-20 01:57:57 - WARNING - Build took longer than expected: 1874ms
2025-08-20 01:57:57 - INFO - Build started for commit ID: dcab4cd9
2025-08-20 01:57:57 - ERROR - Container deployment error: Image app_image:v1.3 not found
2025-08-20 01:57:57 - INFO - Build stage completed successfully in 2063ms
2025-08-20 01:57:57 - INFO - Build started for commit ID: 57036d4c
2025-08-20 01:57:57 - WARNING - Build took longer than expected: 2091ms
2025-08-20 01:57:57 - ERROR - Test suite failed: test_feature_1
2025-08-20 01:57:57 - INFO - Artifact published successfully.
2025-08-20 01:57:57 - INFO - Artifact published successfully.
2025-08-20 01:57:57 - INFO - Artifact published successfully.
2025-08-20 01:57:57 - INFO - Testing phase passed. No errors found.
2025-08-20 01:57:57 - ERROR - Container deployment error: Image app_image:v1.5 not found
2025-08-20 01:57:57 - INFO - Deployment to staging environment started.
2025-08-20 01:57:57 - INFO - Build stage completed successfully in 3587ms
2025-08-20 01:57:57 - INFO - Artifact published successfully.
2025-08-20 01:57:57 - INFO - Artifact published successfully.
2025-08-20 01:57:57 - INFO - Build started for commit ID: 876a7f13
2025-08-20 01:57:57 - INFO - Build started for commit ID: 9d25f817
2025-08-20 01:57:57 - INFO - Deployment to staging environment started.
2025-08-20 01:57:57 - INFO - Build stage completed successfully in 2014ms
2025-08-20 01:57:57 - INFO - Build started for commit ID: 7ac5e79f
2025-08-20 01:57:57 - INFO - Build stage completed successfully in 3043ms
2025-08-20 01:57:57 - WARNING - Disk usage above 80% on agent server
2025-08-20 01:57:57 - INFO - Testing phase passed. No errors found.
2025-08-20 01:57:57 - INFO - Deployment to staging environment started.
2025-08-20 01:57:57 - INFO - Build stage completed successfully in 521ms
2025-08-20 01:57:57 - INFO - Deployment to staging environment started.
2025-08-20 01:57:57 - INFO - Build stage completed successfully in 2363ms
2025-08-20 01:57:57 - INFO - Deployment to staging environment started.
2025-08-20 01:57:57 - INFO - Deployment to staging environment started.
2025-08-20 01:57:57 - INFO - Build stage completed successfully in 654ms
2025-08-20 01:57:57 - INFO - Deployment to staging environment started.
2025-08-20 01:57:57 - INFO - Testing phase passed. No errors found.
2025-08-20 01:57:57 - WARNING - Disk usage above 80% on agent server
2025-08-20 01:57:57 - INFO - Artifact published successfully.
2025-08-20 01:57:57 - ERROR - Test suite failed: test_feature_10
2025-08-20 01:57:57 - ERROR - Container deployment error: Image app_image:v3.4 not found
2025-08-20 01:57:57 - INFO - Testing phase passed. No errors found.
2025-08-20 01:57:57 - INFO - Testing phase passed. No errors found.
2025-08-20 01:57:57 - WARNING - Build took longer than expected: 4310ms
2025-08-20 01:57:57 - INFO - Deployment to staging environment started.
2025-08-20 01:57:57 - INFO - Artifact published successfully.
2025-08-20 01:57:57 - INFO - Build started for commit ID: ad59915c
2025-08-20 01:57:57 - ERROR - Container deployment error: Image app_image:v2.2 not found
2025-08-20 01:57:57 - INFO - Build started for commit ID: 6a741231
2025-08-20 01:57:57 - INFO - Testing phase passed. No errors found.
2025-08-20 01:57:57 - INFO - Artifact published successfully.
2025-08-20 01:57:57 - INFO - Artifact published successfully.
2025-08-20 01:57:57 - INFO - Artifact published successfully.
2025-08-20 01:57:57 - ERROR - Deployment failed: Connection timeout to server 192.168.1.33
2025-08-20 01:57:57 - INFO - Deployment to staging environment started.
2025-08-20 01:57:57 - WARNING - Node version mismatch. Using fallback.
2025-08-20 01:57:57 - INFO - Deployment to staging environment started.
2025-08-20 01:57:57 - INFO - Build stage completed successfully in 925ms
2025-08-20 01:57:57 - INFO - Testing phase passed. No errors found.
2025-08-20 01:57:57 - INFO - Build stage completed successfully in 2825ms
2025-08-20 01:57:57 - INFO - Testing phase passed. No errors found.
2025-08-20 01:57:57 - ERROR - Test suite failed: test_feature_1
2025-08-20 01:57:57 - INFO - Testing phase passed. No errors found.
2025-08-20 01:57:57 - INFO - Artifact published successfully.
2025-08-20 01:57:57 - INFO - Deployment to staging environment started.
2025-08-20 01:57:57 - ERROR - Deployment failed: Connection timeout to server 192.168.1.23
2025-08-20 01:57:57 - INFO - Deployment to staging environment started.
2025-08-20 01:57:57 - WARNING - Node version mismatch. Using fallback.
2025-08-20 01:57:57 - INFO - Build stage completed successfully in 4224ms
2025-08-20 01:57:57 - WARNING - Build took longer than expected: 2590ms
2025-08-20 01:57:57 - INFO - Testing phase passed. No errors found.
2025-08-20 01:57:57 - INFO - Artifact published successfully.
2025-08-20 01:57:57 - INFO - Deployment to staging environment started.
2025-08-20 01:57:57 - INFO - Build stage completed successfully in 613ms
2025-08-20 01:57:57 - INFO - Artifact published successfully.
2025-08-20 01:57:57 - INFO - Build stage completed successfully in 2129ms
2025-08-20 01:57:57 - INFO - Build started for commit ID: 7467f48c
2025-08-20 01:57:57 - INFO - Artifact published successfully.
2025-08-20 01:57:57 - INFO - Testing phase passed. No errors found.
2025-08-20 01:57:57 - INFO - Deployment to staging environment started.
2025-08-20 01:57:57 - INFO - Artifact published successfully.
2025-08-20 01:57:57 - INFO - Testing phase passed. No errors found.
2025-08-20 01:57:57 - ERROR - Build failed due to compilation errors in src/app_3.py
2025-08-20 01:57:57 - INFO - Build started for commit ID: 35f8cb58
2025-08-20 01:57:57 - WARNING - Disk usage above 80% on agent server
2025-08-20 01:57:57 - INFO - Artifact published successfully.
2025-08-20 01:57:57 - INFO - Build stage completed successfully in 3263ms
2025-08-20 01:57:57 - INFO - Testing phase passed. No errors found.
2025-08-20 01:57:57 - INFO - Testing phase passed. No errors found.
2025-08-20 01:57:57 - WARNING - Node version mismatch. Using fallback.
2025-08-20 01:57:57 - INFO - Artifact published successfully.
2025-08-20 01:57:57 - INFO - Deployment to staging environment started.
2025-08-20 01:57:57 - INFO - Artifact published successfully.
2025-08-20 01:57:57 - INFO - Build started for commit ID: 717404be
2025-08-20 01:57:57 - ERROR - Container deployment error: Image app_image:v1.2 not found
2025-08-20 01:57:57 - WARNING - Build took longer than expected: 154ms
2025-08-20 01:57:57 - INFO - Testing phase passed. No errors found.
2025-08-20 01:57:57 - INFO - Artifact published successfully.
2025-08-20 01:57:57 - INFO - Artifact published successfully.
2025-08-20 01:57:57 - INFO - Build started for commit ID: 9279118a
2025-08-20 01:57:57 - WARNING - Node version mismatch. Using fallback.
2025-08-20 01:57:57 - ERROR - Build failed due to compilation errors in src/app_2.py
2025-08-20 01:57:57 - ERROR - Test suite failed: test_feature_1
2025-08-20 01:57:57 - INFO - Deployment to staging environment started.
2025-08-20 01:57:57 - WARNING - Build took longer than expected: 1620ms
2025-08-20 01:57:57 - INFO - Build stage completed successfully in 3951ms
2025-08-20 01:57:57 - INFO - Artifact published successfully.
2025-08-20 01:57:57 - INFO - Testing phase passed. No errors found.
2025-08-20 01:57:57 - INFO - Artifact published successfully.
2025-08-20 01:57:57 - ERROR - Test suite failed: test_feature_7
2025-08-20 01:57:57 - INFO - Deployment to staging environment started.
2025-08-20 01:57:57 - INFO - Artifact published successfully.
2025-08-20 01:57:57 - INFO - Build started for commit ID: d121936c
2025-08-20 01:57:57 - ERROR - Build failed due to compilation errors in src/app_2.py
2025-08-20 01:57:57 - INFO - Deployment to staging environment started.
2025-08-20 01:57:57 - INFO - Deployment to staging environment started.
2025-08-20 01:57:57 - INFO - Build started for commit ID: db06ab2b
2025-08-20 01:57:57 - INFO - Deployment to staging environment started.
2025-08-20 01:57:57 - INFO - Testing phase passed. No errors found.
2025-08-20 01:57:57 - INFO - Deployment to staging environment started.
2025-08-20 01:57:57 - INFO - Build stage completed successfully in 2271ms
2025-08-20 01:57:57 - ERROR - Test suite failed: test_feature_8
2025-08-20 01:57:57 - INFO - Build stage completed successfully in 2554ms
2025-08-20 01:57:57 - INFO - Artifact published successfully.
2025-08-20 01:57:57 - INFO - Build stage completed successfully in 3872ms
2025-08-20 01:57:57 - ERROR - Build failed due to compilation errors in src/app_2.py
2025-08-20 01:57:57 - ERROR - Deployment failed: Connection timeout to server 192.168.1.17
2025-08-20 01:57:57 - ERROR - Deployment failed: Connection timeout to server 192.168.1.40
2025-08-20 01:57:57 - INFO - Build started for commit ID: 229e180d
2025-08-20 01:57:57 - ERROR - Test suite failed: test_feature_8
2025-08-20 01:57:57 - INFO - Testing phase passed. No errors found.
2025-08-20 01:57:57 - ERROR - Build failed due to compilation errors in src/app_3.py
2025-08-20 01:57:57 - INFO - Build started for commit ID: 98423aa4
2025-08-20 01:57:57 - INFO - Artifact published successfully.
2025-08-20 01:57:57 - INFO - Build stage completed successfully in 4954ms
2025-08-20 01:57:57 - ERROR - Container deployment error: Image app_image:v2.3 not found
2025-08-20 01:57:57 - WARNING - Disk usage above 80% on agent server
2025-08-20 01:57:57 - WARNING - Disk usage above 80% on agent server
2025-08-20 01:57:57 - INFO - Build stage completed successfully in 1097ms
2025-08-20 01:57:57 - INFO - Testing phase passed. No errors found.
2025-08-20 01:57:57 - ERROR - Build failed due to compilation errors in src/app_5.py
2025-08-20 01:57:57 - INFO - Build stage completed successfully in 4067ms
2025-08-20 01:57:57 - WARNING - Build took longer than expected: 1076ms
2025-08-20 01:57:57 - INFO - Build stage completed successfully in 3528ms
2025-08-20 01:57:57 - INFO - Artifact published successfully.
2025-08-20 01:57:57 - INFO - Build stage completed successfully in 2547ms
2025-08-20 01:57:57 - INFO - Build started for commit ID: 81a4e625
2025-08-20 01:57:57 - ERROR - Deployment failed: Connection timeout to server 192.168.1.29
2025-08-20 01:57:57 - INFO - Testing phase passed. No errors found.
2025-08-20 01:57:57 - INFO - Build stage completed successfully in 4493ms
2025-08-20 01:57:57 - WARNING - Disk usage above 80% on agent server
2025-08-20 01:57:57 - INFO - Build stage completed successfully in 2422ms
2025-08-20 01:57:57 - INFO - Testing phase passed. No errors found.
2025-08-20 01:57:57 - INFO - Build stage completed successfully in 4001ms
2025-08-20 01:57:57 - INFO - Artifact published successfully.
2025-08-20 01:57:57 - INFO - Build started for commit ID: 72359b11
2025-08-20 01:57:57 - INFO - Build stage completed successfully in 2729ms
2025-08-20 01:57:57 - INFO - Testing phase passed. No errors found.
2025-08-20 01:57:57 - INFO - Build started for commit ID: 624e3611
2025-08-20 01:57:57 - WARNING - Build took longer than expected: 3667ms
2025-08-20 01:57:57 - INFO - Build started for commit ID: 29c05673
2025-08-20 01:57:57 - INFO - Deployment to staging environment started.
2025-08-20 01:57:57 - INFO - Artifact published successfully.
2025-08-20 01:57:57 - INFO - Artifact published successfully.
2025-08-20 01:57:57 - INFO - Testing phase passed. No errors found.
2025-08-20 01:57:57 - INFO - Testing phase passed. No errors found.
2025-08-20 01:57:57 - INFO - Build started for commit ID: 74a43fc8
2025-08-20 01:57:57 - INFO - Build stage completed successfully in 302ms
2025-08-20 01:57:57 - ERROR - Deployment failed: Connection timeout to server 192.168.1.32
2025-08-20 01:57:57 - INFO - Testing phase passed. No errors found.
2025-08-20 01:57:57 - INFO - Artifact published successfully.
2025-08-20 01:57:57 - INFO - Build started for commit ID: 147b0bfe
2025-08-20 01:57:57 - WARNING - Node version mismatch. Using fallback.
2025-08-20 01:57:57 - INFO - Artifact published successfully.
2025-08-20 01:57:57 - ERROR - Build failed due to compilation errors in src/app_4.py
2025-08-20 01:57:57 - INFO - Artifact published successfully.
2025-08-20 01:57:57 - INFO - Build stage completed successfully in 4247ms
2025-08-20 01:57:57 - INFO - Build started for commit ID: a95a0123
2025-08-20 01:57:57 - INFO - Artifact published successfully.
2025-08-20 01:57:57 - INFO - Artifact published successfully.
2025-08-20 01:57:57 - INFO - Build stage completed successfully in 1779ms
2025-08-20 01:57:57 - ERROR - Container deployment error: Image app_image:v3.5 not found
2025-08-20 01:57:57 - INFO - Build started for commit ID: 0941dcd1
2025-08-20 01:57:57 - INFO - Build stage completed successfully in 1122ms
2025-08-20 01:57:57 - ERROR - Container deployment error: Image app_image:v2.4 not found
2025-08-20 01:57:57 - ERROR - Deployment failed: Connection timeout to server 192.168.1.7
2025-08-20 01:57:57 - WARNING - Build took longer than expected: 3488ms
2025-08-20 01:57:57 - WARNING - Node version mismatch. Using fallback.
2025-08-20 01:57:57 - INFO - Testing phase passed. No errors found.
2025-08-20 01:57:57 - INFO - Deployment to staging environment started.
2025-08-20 01:57:57 - INFO - Build started for commit ID: f81ad00c
2025-08-20 01:57:57 - INFO - Artifact published successfully.
2025-08-20 01:57:57 - INFO - Build stage completed successfully in 3951ms
2025-08-20 01:57:57 - INFO - Artifact published successfully.
2025-08-20 01:57:57 - INFO - Build started for commit ID: 91b41748
2025-08-20 01:57:57 - ERROR - Container deployment error: Image app_image:v2.2 not found
2025-08-20 01:57:57 - INFO - Build started for commit ID: 55a4bb2b
2025-08-20 01:57:57 - INFO - Build stage completed successfully in 4061ms
2025-08-20 01:57:57 - INFO - Deployment to staging environment started.
2025-08-20 01:57:57 - INFO - Deployment to staging environment started.
2025-08-20 01:57:57 - INFO - Testing phase passed. No errors found.
2025-08-20 01:57:57 - ERROR - Build failed due to compilation errors in src/app_4.py
2025-08-20 01:57:57 - WARNING - Disk usage above 80% on agent server
2025-08-20 01:57:57 - INFO - Build stage completed successfully in 2267ms
2025-08-20 01:57:57 - ERROR - Build failed due to compilation errors in src/app_5.py
2025-08-20 01:57:57 - INFO - Artifact published successfully.
2025-08-20 01:57:57 - INFO - Build started for commit ID: 81dbbb5c
2025-08-20 01:57:57 - INFO - Build stage completed successfully in 3941ms
2025-08-20 01:57:57 - INFO - Build started for commit ID: bdb78247
2025-08-20 01:57:57 - ERROR - Build failed due to compilation errors in src/app_5.py
2025-08-20 01:57:57 - WARNING - Disk usage above 80% on agent server
2025-08-20 01:57:57 - WARNING - Node version mismatch. Using fallback.
2025-08-20 01:57:57 - INFO - Deployment to staging environment started.
2025-08-20 01:57:57 - INFO - Build stage completed successfully in 941ms
2025-08-20 01:57:57 - INFO - Deployment to staging environment started.
2025-08-20 01:57:57 - INFO - Build started for commit ID: 7e9a40af
2025-08-20 01:57:57 - INFO - Testing phase passed. No errors found.
2025-08-20 01:57:57 - INFO - Build started for commit ID: 2512bce9
2025-08-20 01:57:57 - INFO - Testing phase passed. No errors found.
2025-08-20 01:57:57 - INFO - Deployment to staging environment started.
2025-08-20 01:57:57 - INFO - Deployment to staging environment started.
2025-08-20 01:57:57 - INFO - Build started for commit ID: 2613cb02
2025-08-20 01:57:57 - INFO - Deployment to staging environment started.
2025-08-20 01:57:57 - INFO - Testing phase passed. No errors found.
2025-08-20 01:57:57 - INFO - Build started for commit ID: 08942313
2025-08-20 01:57:57 - WARNING - Disk usage above 80% on agent server
2025-08-20 01:57:57 - INFO - Build started for commit ID: 3e28b2f6
2025-08-20 01:57:57 - INFO - Testing phase passed. No errors found.
2025-08-20 01:57:57 - INFO - Deployment to staging environment started.
2025-08-20 01:57:57 - INFO - Deployment to staging environment started.
2025-08-20 01:57:57 - INFO - Build stage completed successfully in 1762ms
2025-08-20 01:57:57 - INFO - Deployment to staging environment started.
2025-08-20 01:57:57 - INFO - Deployment to staging environment started.
2025-08-20 01:57:57 - INFO - Artifact published successfully.
2025-08-20 01:57:57 - WARNING - Disk usage above 80% on agent server
2025-08-20 01:57:57 - INFO - Testing phase passed. No errors found.
2025-08-20 01:57:57 - INFO - Artifact published successfully.
2025-08-20 01:57:57 - INFO - Artifact published successfully.
2025-08-20 01:57:57 - ERROR - Test suite failed: test_feature_2
2025-08-20 01:57:57 - INFO - Deployment to staging environment started.
2025-08-20 01:57:57 - INFO - Build started for commit ID: f422ddee
2025-08-20 01:57:57 - INFO - Build started for commit ID: 237070f5
2025-08-20 01:57:57 - INFO - Artifact published successfully.
2025-08-20 01:57:57 - INFO - Build stage completed successfully in 4842ms
2025-08-20 01:57:57 - INFO - Testing phase passed. No errors found.
2025-08-20 01:57:57 - INFO - Deployment to staging environment started.
2025-08-20 01:57:57 - INFO - Deployment to staging environment started.
2025-08-20 01:57:57 - ERROR - Build failed due to compilation errors in src/app_1.py
2025-08-20 01:57:57 - INFO - Artifact published successfully.
2025-08-20 01:57:57 - INFO - Artifact published successfully.
2025-08-20 01:57:57 - INFO - Deployment to staging environment started.
2025-08-20 01:57:57 - INFO - Deployment to staging environment started.
2025-08-20 01:57:57 - INFO - Deployment to staging environment started.
2025-08-20 01:57:57 - ERROR - Container deployment error: Image app_image:v3.5 not found
2025-08-20 01:57:57 - INFO - Artifact published successfully.
2025-08-20 01:57:57 - INFO - Testing phase passed. No errors found.
2025-08-20 01:57:57 - INFO - Build stage completed successfully in 2236ms
2025-08-20 01:57:57 - INFO - Build stage completed successfully in 2969ms
2025-08-20 01:57:57 - INFO - Deployment to staging environment started.
2025-08-20 01:57:57 - ERROR - Test suite failed: test_feature_3
2025-08-20 01:57:57 - INFO - Build stage completed successfully in 2995ms
2025-08-20 01:57:57 - ERROR - Deployment failed: Connection timeout to server 192.168.1.20
2025-08-20 01:57:57 - INFO - Testing phase passed. No errors found.
2025-08-20 01:57:57 - INFO - Build started for commit ID: 5b45f6b7
2025-08-20 01:57:57 - INFO - Build started for commit ID: ba73cce2
2025-08-20 01:57:57 - WARNING - Disk usage above 80% on agent server
2025-08-20 01:57:57 - INFO - Deployment to staging environment started.
2025-08-20 01:57:57 - INFO - Deployment to staging environment started.
2025-08-20 01:57:57 - ERROR - Build failed due to compilation errors in src/app_1.py
2025-08-20 01:57:57 - INFO - Build started for commit ID: 237a3b89
2025-08-20 01:57:57 - INFO - Build started for commit ID: 44bfd3a9
2025-08-20 01:57:57 - INFO - Deployment to staging environment started.
2025-08-20 01:57:57 - INFO - Deployment to staging environment started.
2025-08-20 01:57:57 - INFO - Build stage completed successfully in 2901ms
2025-08-20 01:57:57 - INFO - Build stage completed successfully in 2972ms
2025-08-20 01:57:57 - INFO - Deployment to staging environment started.
2025-08-20 01:57:57 - INFO - Build started for commit ID: 4045d359
2025-08-20 01:57:57 - WARNING - Node version mismatch. Using fallback.
2025-08-20 01:57:57 - INFO - Testing phase passed. No errors found.
2025-08-20 01:57:57 - INFO - Build started for commit ID: 88e4a366
2025-08-20 01:57:57 - INFO - Build started for commit ID: 60b101f2
2025-08-20 01:57:57 - INFO - Build stage completed successfully in 2845ms
2025-08-20 01:57:57 - ERROR - Container deployment error: Image app_image:v1.1 not found
2025-08-20 01:57:57 - INFO - Testing phase passed. No errors found.
2025-08-20 01:57:57 - INFO - Testing phase passed. No errors found.
2025-08-20 01:57:57 - WARNING - Build took longer than expected: 2826ms
2025-08-20 01:57:57 - INFO - Deployment to staging environment started.
2025-08-20 01:57:57 - ERROR - Container deployment error: Image app_image:v3.0 not found
2025-08-20 01:57:57 - INFO - Deployment to staging environment started.
2025-08-20 01:57:57 - ERROR - Test suite failed: test_feature_1
2025-08-20 01:57:57 - INFO - Build stage completed successfully in 2635ms
2025-08-20 01:57:57 - ERROR - Container deployment error: Image app_image:v1.3 not found
2025-08-20 01:57:57 - INFO - Build started for commit ID: 0c24058e
2025-08-20 01:57:57 - INFO - Build stage completed successfully in 2065ms
2025-08-20 01:57:57 - INFO - Artifact published successfully.
2025-08-20 01:57:57 - INFO - Deployment to staging environment started.
2025-08-20 01:57:57 - INFO - Artifact published successfully.
2025-08-20 01:57:57 - INFO - Testing phase passed. No errors found.
2025-08-20 01:57:57 - INFO - Deployment to staging environment started.
2025-08-20 01:57:57 - INFO - Build stage completed successfully in 3088ms
2025-08-20 01:57:57 - INFO - Build started for commit ID: 81db24b0
2025-08-20 01:57:57 - INFO - Build stage completed successfully in 4859ms
2025-08-20 01:57:57 - INFO - Testing phase passed. No errors found.
2025-08-20 01:57:57 - INFO - Build started for commit ID: e26eade2
2025-08-20 01:57:57 - INFO - Build stage completed successfully in 490ms
2025-08-20 01:57:57 - ERROR - Build failed due to compilation errors in src/app_2.py
2025-08-20 01:57:57 - INFO - Build started for commit ID: de65fbd4
2025-08-20 01:57:57 - INFO - Deployment to staging environment started.
2025-08-20 01:57:57 - INFO - Testing phase passed. No errors found.
2025-08-20 01:57:57 - WARNING - Disk usage above 80% on agent server
2025-08-20 01:57:57 - INFO - Build started for commit ID: 3b809f83
2025-08-20 01:57:57 - INFO - Artifact published successfully.
2025-08-20 01:57:57 - INFO - Deployment to staging environment started.
2025-08-20 01:57:57 - INFO - Deployment to staging environment started.
2025-08-20 01:57:57 - WARNING - Build took longer than expected: 4918ms
2025-08-20 01:57:57 - INFO - Build stage completed successfully in 4740ms
2025-08-20 01:57:57 - WARNING - Disk usage above 80% on agent server
2025-08-20 01:57:57 - INFO - Build stage completed successfully in 1132ms
2025-08-20 01:57:57 - INFO - Testing phase passed. No errors found.
2025-08-20 01:57:57 - INFO - Deployment to staging environment started.
2025-08-20 01:57:57 - WARNING - Build took longer than expected: 3482ms
2025-08-20 01:57:57 - INFO - Deployment to staging environment started.
2025-08-20 01:57:57 - INFO - Artifact published successfully.
2025-08-20 01:57:57 - INFO - Build started for commit ID: a0d237d0
2025-08-20 01:57:57 - INFO - Build started for commit ID: 2bc63fa8
2025-08-20 01:57:57 - INFO - Deployment to staging environment started.
2025-08-20 01:57:57 - INFO - Deployment to staging environment started.
2025-08-20 01:57:57 - INFO - Build stage completed successfully in 4230ms
2025-08-20 01:57:57 - INFO - Testing phase passed. No errors found.
2025-08-20 01:57:57 - INFO - Build stage completed successfully in 4670ms
2025-08-20 01:57:57 - INFO - Testing phase passed. No errors found.
2025-08-20 01:57:57 - INFO - Build started for commit ID: 94e39452
2025-08-20 01:57:57 - INFO - Deployment to staging environment started.
2025-08-20 01:57:57 - INFO - Build started for commit ID: 96c48b60
2025-08-20 01:57:57 - INFO - Build stage completed successfully in 3768ms
2025-08-20 01:57:57 - INFO - Artifact published successfully.
2025-08-20 01:57:57 - INFO - Build started for commit ID: 3cd484bc
2025-08-20 01:57:57 - ERROR - Test suite failed: test_feature_3
2025-08-20 01:57:57 - INFO - Build stage completed successfully in 1135ms
2025-08-20 01:57:57 - INFO - Build started for commit ID: ffb14b20
2025-08-20 01:57:57 - INFO - Build stage completed successfully in 4485ms
2025-08-20 01:57:57 - WARNING - Disk usage above 80% on agent server
2025-08-20 01:57:57 - INFO - Testing phase passed. No errors found.
2025-08-20 01:57:57 - INFO - Testing phase passed. No errors found.
2025-08-20 01:57:57 - INFO - Build started for commit ID: 8d0ea4b8
2025-08-20 01:57:57 - INFO - Build started for commit ID: 778064a8
2025-08-20 01:57:57 - ERROR - Container deployment error: Image app_image:v1.3 not found
2025-08-20 01:57:57 - INFO - Build stage completed successfully in 2507ms
2025-08-20 01:57:57 - INFO - Deployment to staging environment started.
2025-08-20 01:57:57 - INFO - Testing phase passed. No errors found.
2025-08-20 01:57:57 - ERROR - Container deployment error: Image app_image:v3.4 not found
2025-08-20 01:57:57 - WARNING - Build took longer than expected: 2408ms
2025-08-20 01:57:57 - INFO - Build started for commit ID: adef86cf
2025-08-20 01:57:57 - INFO - Build started for commit ID: e4c19a5e
2025-08-20 01:57:57 - INFO - Artifact published successfully.
2025-08-20 01:57:57 - INFO - Deployment to staging environment started.
2025-08-20 01:57:57 - INFO - Build stage completed successfully in 1058ms
2025-08-20 01:57:57 - ERROR - Build failed due to compilation errors in src/app_2.py
2025-08-20 01:57:57 - INFO - Artifact published successfully.
2025-08-20 01:57:57 - INFO - Build started for commit ID: 976e6e08
2025-08-20 01:57:57 - INFO - Testing phase passed. No errors found.
2025-08-20 01:57:57 - INFO - Artifact published successfully.
2025-08-20 01:57:57 - INFO - Artifact published successfully.
2025-08-20 01:57:57 - INFO - Artifact published successfully.
2025-08-20 01:57:57 - INFO - Testing phase passed. No errors found.
2025-08-20 01:57:57 - INFO - Testing phase passed. No errors found.
2025-08-20 01:57:57 - INFO - Build stage completed successfully in 4366ms
2025-08-20 01:57:57 - INFO - Build stage completed successfully in 4764ms
2025-08-20 01:57:57 - WARNING - Disk usage above 80% on agent server
2025-08-20 01:57:57 - INFO - Build started for commit ID: 5c917710
2025-08-20 01:57:57 - INFO - Testing phase passed. No errors found.
2025-08-20 01:57:57 - INFO - Build started for commit ID: 06c20ac5
2025-08-20 01:57:57 - INFO - Build stage completed successfully in 2347ms
2025-08-20 01:57:57 - INFO - Build started for commit ID: 6b120607
2025-08-20 01:57:57 - INFO - Build started for commit ID: 8faaefb7
2025-08-20 01:57:57 - WARNING - Build took longer than expected: 423ms
2025-08-20 01:57:57 - INFO - Build stage completed successfully in 2278ms
2025-08-20 01:57:57 - INFO - Deployment to staging environment started.
2025-08-20 01:57:57 - ERROR - Test suite failed: test_feature_8
2025-08-20 01:57:57 - INFO - Build started for commit ID: 606bdebb
2025-08-20 01:57:57 - INFO - Deployment to staging environment started.
2025-08-20 01:57:57 - INFO - Build started for commit ID: 7469a426
2025-08-20 01:57:57 - WARNING - Node version mismatch. Using fallback.
2025-08-20 01:57:57 - INFO - Deployment to staging environment started.
2025-08-20 01:57:57 - INFO - Artifact published successfully.
2025-08-20 01:57:57 - INFO - Build started for commit ID: c62e18c2
2025-08-20 01:57:57 - INFO - Build stage completed successfully in 1330ms
2025-08-20 01:57:57 - INFO - Build started for commit ID: 4b25fdd7
2025-08-20 01:57:57 - INFO - Build started for commit ID: abb451a9
2025-08-20 01:57:57 - INFO - Build started for commit ID: 68fe3e31
2025-08-20 01:57:57 - INFO - Artifact published successfully.
2025-08-20 01:57:57 - INFO - Artifact published successfully.
2025-08-20 01:57:57 - INFO - Build stage completed successfully in 1545ms
2025-08-20 01:57:57 - INFO - Deployment to staging environment started.
2025-08-20 01:57:57 - INFO - Build stage completed successfully in 3160ms
2025-08-20 01:57:57 - INFO - Build started for commit ID: 858f7112
2025-08-20 01:57:57 - ERROR - Deployment failed: Connection timeout to server 192.168.1.26
2025-08-20 01:57:57 - INFO - Build started for commit ID: 65814ef6
2025-08-20 01:57:57 - INFO - Deployment to staging environment started.
2025-08-20 01:57:57 - INFO - Artifact published successfully.
2025-08-20 01:57:57 - INFO - Deployment to staging environment started.
2025-08-20 01:57:57 - WARNING - Build took longer than expected: 2024ms
2025-08-20 01:57:57 - ERROR - Build failed due to compilation errors in src/app_2.py
2025-08-20 01:57:57 - INFO - Build started for commit ID: 5f39bfae
2025-08-20 01:57:57 - INFO - Testing phase passed. No errors found.
2025-08-20 01:57:57 - INFO - Artifact published successfully.
2025-08-20 01:57:57 - WARNING - Build took longer than expected: 4905ms
2025-08-20 01:57:57 - INFO - Deployment to staging environment started.
2025-08-20 01:57:57 - INFO - Artifact published successfully.
2025-08-20 01:57:57 - INFO - Artifact published successfully.
2025-08-20 01:57:57 - INFO - Artifact published successfully.
2025-08-20 01:57:57 - INFO - Testing phase passed. No errors found.
2025-08-20 01:57:57 - INFO - Artifact published successfully.
2025-08-20 01:57:57 - INFO - Artifact published successfully.
2025-08-20 01:57:57 - INFO - Build started for commit ID: 0bd69df9
2025-08-20 01:57:57 - INFO - Build stage completed successfully in 3922ms
2025-08-20 01:57:57 - INFO - Testing phase passed. No errors found.
2025-08-20 01:57:57 - INFO - Build stage completed successfully in 4973ms
2025-08-20 01:57:57 - INFO - Build started for commit ID: a81f94cd
2025-08-20 01:57:57 - WARNING - Disk usage above 80% on agent server
2025-08-20 01:57:57 - INFO - Build started for commit ID: ba1724fc
2025-08-20 01:57:57 - INFO - Deployment to staging environment started.
2025-08-20 01:57:57 - INFO - Deployment to staging environment started.
2025-08-20 01:57:57 - WARNING - Build took longer than expected: 1381ms
2025-08-20 01:57:57 - INFO - Deployment to staging environment started.
2025-08-20 01:57:57 - INFO - Deployment to staging environment started.
2025-08-20 01:57:57 - INFO - Testing phase passed. No errors found.
2025-08-20 01:57:57 - INFO - Artifact published successfully.
2025-08-20 01:57:57 - INFO - Artifact published successfully.
2025-08-20 01:57:57 - INFO - Build stage completed successfully in 1625ms
2025-08-20 01:57:57 - INFO - Build started for commit ID: 63b26d1e
2025-08-20 01:57:57 - WARNING - Node version mismatch. Using fallback.
2025-08-20 01:57:57 - INFO - Deployment to staging environment started.
2025-08-20 01:57:57 - INFO - Testing phase passed. No errors found.
2025-08-20 01:57:57 - INFO - Testing phase passed. No errors found.
2025-08-20 01:57:57 - WARNING - Node version mismatch. Using fallback.
2025-08-20 01:57:57 - INFO - Deployment to staging environment started.
2025-08-20 01:57:57 - INFO - Build stage completed successfully in 4381ms
2025-08-20 01:57:57 - ERROR - Build failed due to compilation errors in src/app_2.py
2025-08-20 01:57:57 - INFO - Build started for commit ID: 234a4dbd
2025-08-20 01:57:57 - INFO - Build started for commit ID: 6dd0468b
2025-08-20 01:57:57 - INFO - Deployment to staging environment started.
2025-08-20 01:57:57 - INFO - Artifact published successfully.
2025-08-20 01:57:57 - INFO - Artifact published successfully.
2025-08-20 01:57:57 - ERROR - Test suite failed: test_feature_6
2025-08-20 01:57:57 - INFO - Testing phase passed. No errors found.
2025-08-20 01:57:57 - ERROR - Deployment failed: Connection timeout to server 192.168.1.49
2025-08-20 01:57:57 - ERROR - Deployment failed: Connection timeout to server 192.168.1.35
2025-08-20 01:57:57 - INFO - Build started for commit ID: b342962d
2025-08-20 01:57:57 - INFO - Build stage completed successfully in 3627ms
2025-08-20 01:57:57 - INFO - Testing phase passed. No errors found.
2025-08-20 01:57:57 - INFO - Testing phase passed. No errors found.
2025-08-20 01:57:57 - INFO - Build started for commit ID: ea6642bc
2025-08-20 01:57:57 - INFO - Build started for commit ID: 822936eb
2025-08-20 01:57:57 - WARNING - Disk usage above 80% on agent server
2025-08-20 01:57:57 - ERROR - Test suite failed: test_feature_4
2025-08-20 01:57:57 - WARNING - Node version mismatch. Using fallback.
2025-08-20 01:57:57 - WARNING - Build took longer than expected: 2417ms
2025-08-20 01:57:57 - ERROR - Deployment failed: Connection timeout to server 192.168.1.36
2025-08-20 01:57:57 - WARNING - Build took longer than expected: 2863ms
2025-08-20 01:57:57 - INFO - Build stage completed successfully in 1971ms
2025-08-20 01:57:57 - INFO - Artifact published successfully.
2025-08-20 01:57:57 - INFO - Testing phase passed. No errors found.
2025-08-20 01:57:57 - INFO - Build started for commit ID: e6ec21a2
2025-08-20 01:57:57 - INFO - Artifact published successfully.
2025-08-20 01:57:57 - INFO - Artifact published successfully.
2025-08-20 01:57:57 - INFO - Testing phase passed. No errors found.
2025-08-20 01:57:57 - INFO - Deployment to staging environment started.
2025-08-20 01:57:57 - INFO - Build started for commit ID: 70e71837
2025-08-20 01:57:57 - INFO - Build started for commit ID: 0c492af0
2025-08-20 01:57:57 - INFO - Testing phase passed. No errors found.
2025-08-20 01:57:57 - INFO - Artifact published successfully.
2025-08-20 01:57:57 - ERROR - Deployment failed: Connection timeout to server 192.168.1.50
2025-08-20 01:57:57 - INFO - Artifact published successfully.
2025-08-20 01:57:57 - INFO - Testing phase passed. No errors found.
2025-08-20 01:57:57 - INFO - Build stage completed successfully in 1091ms
2025-08-20 01:57:57 - INFO - Build started for commit ID: daa05c57
2025-08-20 01:57:57 - ERROR - Test suite failed: test_feature_4
2025-08-20 01:57:57 - ERROR - Container deployment error: Image app_image:v3.2 not found
2025-08-20 01:57:57 - INFO - Artifact published successfully.
2025-08-20 01:57:57 - INFO - Testing phase passed. No errors found.
2025-08-20 01:57:57 - INFO - Artifact published successfully.
2025-08-20 01:57:57 - INFO - Build stage completed successfully in 4701ms
2025-08-20 01:57:57 - INFO - Deployment to staging environment started.
2025-08-20 01:57:57 - INFO - Build stage completed successfully in 4708ms
2025-08-20 01:57:57 - INFO - Deployment to staging environment started.
2025-08-20 01:57:57 - INFO - Build started for commit ID: b072f91a
2025-08-20 01:57:57 - INFO - Build started for commit ID: b9ec672a
2025-08-20 01:57:57 - WARNING - Disk usage above 80% on agent server
2025-08-20 01:57:57 - INFO - Testing phase passed. No errors found.
2025-08-20 01:57:57 - INFO - Artifact published successfully.
2025-08-20 01:57:57 - ERROR - Deployment failed: Connection timeout to server 192.168.1.3
2025-08-20 01:57:57 - INFO - Deployment to staging environment started.
2025-08-20 01:57:57 - INFO - Artifact published successfully.
2025-08-20 01:57:57 - INFO - Build started for commit ID: 9a0b7252
2025-08-20 01:57:57 - INFO - Build started for commit ID: 940f597a
2025-08-20 01:57:57 - INFO - Build started for commit ID: d2fa4383
2025-08-20 01:57:57 - INFO - Build started for commit ID: 77226229
2025-08-20 01:57:57 - INFO - Build started for commit ID: 1e82c114
2025-08-20 01:57:57 - INFO - Deployment to staging environment started.
2025-08-20 01:57:57 - WARNING - Build took longer than expected: 209ms
2025-08-20 01:57:57 - ERROR - Build failed due to compilation errors in src/app_4.py
2025-08-20 01:57:57 - INFO - Build started for commit ID: 076d2924
2025-08-20 01:57:57 - ERROR - Container deployment error: Image app_image:v2.2 not found
2025-08-20 01:57:57 - INFO - Build stage completed successfully in 4374ms
2025-08-20 01:57:57 - INFO - Testing phase passed. No errors found.
2025-08-20 01:57:57 - INFO - Deployment to staging environment started.
2025-08-20 01:57:57 - INFO - Build started for commit ID: 73216473
2025-08-20 01:57:57 - WARNING - Disk usage above 80% on agent server
2025-08-20 01:57:57 - INFO - Build started for commit ID: 982a4c9d
2025-08-20 01:57:57 - INFO - Artifact published successfully.
2025-08-20 01:57:57 - INFO - Artifact published successfully.
2025-08-20 01:57:57 - INFO - Build stage completed successfully in 1207ms
2025-08-20 01:57:57 - ERROR - Build failed due to compilation errors in src/app_1.py
2025-08-20 01:57:57 - INFO - Build started for commit ID: 6eb14454
2025-08-20 01:57:57 - INFO - Testing phase passed. No errors found.
2025-08-20 01:57:57 - INFO - Build started for commit ID: 25ef2d82
2025-08-20 01:57:57 - INFO - Build stage completed successfully in 354ms
2025-08-20 01:57:57 - INFO - Build stage completed successfully in 3928ms
2025-08-20 01:57:57 - INFO - Artifact published successfully.
2025-08-20 01:57:57 - INFO - Testing phase passed. No errors found.
2025-08-20 01:57:57 - INFO - Build stage completed successfully in 2215ms
2025-08-20 01:57:57 - INFO - Build stage completed successfully in 212ms
2025-08-20 01:57:57 - INFO - Build stage completed successfully in 201ms
2025-08-20 01:57:57 - INFO - Artifact published successfully.
2025-08-20 01:57:57 - INFO - Build stage completed successfully in 2985ms
2025-08-20 01:57:57 - INFO - Artifact published successfully.
2025-08-20 01:57:57 - WARNING - Node version mismatch. Using fallback.
2025-08-20 01:57:57 - INFO - Build started for commit ID: 04040b44
2025-08-20 01:57:57 - INFO - Build stage completed successfully in 2636ms
2025-08-20 01:57:57 - INFO - Testing phase passed. No errors found.
2025-08-20 01:57:57 - INFO - Deployment to staging environment started.
2025-08-20 01:57:57 - INFO - Build stage completed successfully in 1150ms
2025-08-20 01:57:57 - INFO - Testing phase passed. No errors found.
2025-08-20 01:57:57 - INFO - Testing phase passed. No errors found.
2025-08-20 01:57:57 - INFO - Build stage completed successfully in 4896ms
2025-08-20 01:57:57 - ERROR - Deployment failed: Connection timeout to server 192.168.1.30
2025-08-20 01:57:57 - INFO - Build stage completed successfully in 2931ms
2025-08-20 01:57:57 - INFO - Build started for commit ID: ec610b6e
2025-08-20 01:57:57 - INFO - Testing phase passed. No errors found.
2025-08-20 01:57:57 - INFO - Artifact published successfully.
2025-08-20 01:57:57 - INFO - Build stage completed successfully in 1486ms
2025-08-20 01:57:57 - INFO - Build started for commit ID: e181a79c
2025-08-20 01:57:57 - WARNING - Node version mismatch. Using fallback.
2025-08-20 01:57:57 - INFO - Testing phase passed. No errors found.
2025-08-20 01:57:57 - INFO - Build started for commit ID: 09ddf884
2025-08-20 01:57:57 - INFO - Build stage completed successfully in 2989ms
2025-08-20 01:57:57 - INFO - Build started for commit ID: 8d5c9261
2025-08-20 01:57:57 - ERROR - Container deployment error: Image app_image:v1.2 not found
2025-08-20 01:57:57 - INFO - Build stage completed successfully in 1020ms
2025-08-20 01:57:57 - WARNING - Node version mismatch. Using fallback.
2025-08-20 01:57:57 - INFO - Build started for commit ID: 4db9d9b1
2025-08-20 01:57:57 - ERROR - Deployment failed: Connection timeout to server 192.168.1.2
2025-08-20 01:57:57 - INFO - Build started for commit ID: 4e4ded1f
2025-08-20 01:57:57 - INFO - Build started for commit ID: 18bcf633
2025-08-20 01:57:57 - INFO - Build stage completed successfully in 2451ms
2025-08-20 01:57:57 - INFO - Testing phase passed. No errors found.
2025-08-20 01:57:57 - INFO - Deployment to staging environment started.
2025-08-20 01:57:57 - INFO - Build started for commit ID: b439f6d8
2025-08-20 01:57:57 - WARNING - Build took longer than expected: 775ms
2025-08-20 01:57:57 - INFO - Build started for commit ID: 2f6b8bb1
2025-08-20 01:57:57 - INFO - Testing phase passed. No errors found.
2025-08-20 01:57:57 - INFO - Build stage completed successfully in 3028ms
2025-08-20 01:57:57 - INFO - Build started for commit ID: b741f214
2025-08-20 01:57:57 - INFO - Build started for commit ID: fe3ae799
2025-08-20 01:57:57 - INFO - Testing phase passed. No errors found.
2025-08-20 01:57:57 - INFO - Artifact published successfully.
2025-08-20 01:57:57 - INFO - Testing phase passed. No errors found.
2025-08-20 01:57:57 - WARNING - Build took longer than expected: 4064ms
2025-08-20 01:57:57 - INFO - Build stage completed successfully in 3922ms
2025-08-20 01:57:57 - INFO - Deployment to staging environment started.
2025-08-20 01:57:57 - INFO - Testing phase passed. No errors found.
2025-08-20 01:57:57 - INFO - Build stage completed successfully in 3134ms
2025-08-20 01:57:57 - INFO - Testing phase passed. No errors found.
2025-08-20 01:57:57 - INFO - Artifact published successfully.
2025-08-20 01:57:57 - INFO - Testing phase passed. No errors found.
2025-08-20 01:57:57 - INFO - Artifact published successfully.
2025-08-20 01:57:57 - WARNING - Node version mismatch. Using fallback.
2025-08-20 01:57:57 - INFO - Build stage completed successfully in 1036ms
2025-08-20 01:57:57 - INFO - Artifact published successfully.
2025-08-20 01:57:57 - INFO - Build stage completed successfully in 4139ms
2025-08-20 01:57:57 - INFO - Artifact published successfully.
2025-08-20 01:57:57 - INFO - Build stage completed successfully in 1946ms
2025-08-20 01:57:57 - INFO - Build started for commit ID: 95dc28d9
2025-08-20 01:57:57 - INFO - Deployment to staging environment started.
2025-08-20 01:57:57 - INFO - Artifact published successfully.
2025-08-20 01:57:57 - INFO - Artifact published successfully.
2025-08-20 01:57:57 - INFO - Build started for commit ID: 4c60bcaf
2025-08-20 01:57:57 - WARNING - Disk usage above 80% on agent server
2025-08-20 01:57:57 - INFO - Artifact published successfully.
2025-08-20 01:57:57 - INFO - Artifact published successfully.
2025-08-20 01:57:57 - INFO - Deployment to staging environment started.
2025-08-20 01:57:57 - ERROR - Deployment failed: Connection timeout to server 192.168.1.24
2025-08-20 01:57:57 - INFO - Build started for commit ID: 7848b550
2025-08-20 01:57:57 - INFO - Build stage completed successfully in 4798ms
2025-08-20 01:57:57 - WARNING - Node version mismatch. Using fallback.
2025-08-20 01:57:57 - INFO - Artifact published successfully.
2025-08-20 01:57:57 - WARNING - Disk usage above 80% on agent server
2025-08-20 01:57:57 - INFO - Artifact published successfully.
2025-08-20 01:57:57 - INFO - Build stage completed successfully in 614ms
2025-08-20 01:57:57 - INFO - Testing phase passed. No errors found.
2025-08-20 01:57:57 - INFO - Build started for commit ID: 973b6340
2025-08-20 01:57:57 - WARNING - Node version mismatch. Using fallback.
2025-08-20 01:57:57 - INFO - Artifact published successfully.
2025-08-20 01:57:57 - INFO - Artifact published successfully.
2025-08-20 01:57:57 - INFO - Testing phase passed. No errors found.
2025-08-20 01:57:57 - WARNING - Disk usage above 80% on agent server
2025-08-20 01:57:57 - INFO - Artifact published successfully.
2025-08-20 01:57:57 - INFO - Artifact published successfully.
2025-08-20 01:57:57 - INFO - Deployment to staging environment started.
2025-08-20 01:57:57 - INFO - Deployment to staging environment started.
2025-08-20 01:57:57 - INFO - Build started for commit ID: 1d33f33d
2025-08-20 01:57:57 - INFO - Artifact published successfully.
2025-08-20 01:57:57 - INFO - Artifact published successfully.
2025-08-20 01:57:57 - INFO - Deployment to staging environment started.
2025-08-20 01:57:57 - INFO - Testing phase passed. No errors found.
2025-08-20 01:57:57 - INFO - Build stage completed successfully in 4930ms
2025-08-20 01:57:57 - WARNING - Build took longer than expected: 1727ms
2025-08-20 01:57:57 - INFO - Build started for commit ID: ab37e368
2025-08-20 01:57:57 - INFO - Build started for commit ID: 6b49ecfa
2025-08-20 01:57:57 - INFO - Build stage completed successfully in 2441ms
2025-08-20 01:57:57 - INFO - Build stage completed successfully in 816ms
2025-08-20 01:57:57 - ERROR - Container deployment error: Image app_image:v1.2 not found
2025-08-20 01:57:57 - INFO - Deployment to staging environment started.
2025-08-20 01:57:57 - WARNING - Build took longer than expected: 788ms
2025-08-20 01:57:57 - INFO - Artifact published successfully.
2025-08-20 01:57:57 - INFO - Testing phase passed. No errors found.
2025-08-20 01:57:57 - INFO - Testing phase passed. No errors found.
2025-08-20 01:57:57 - INFO - Testing phase passed. No errors found.
2025-08-20 01:57:57 - INFO - Deployment to staging environment started.
2025-08-20 01:57:57 - INFO - Artifact published successfully.
2025-08-20 01:57:57 - INFO - Build stage completed successfully in 2594ms
2025-08-20 01:57:57 - INFO - Build started for commit ID: c6258d2f
2025-08-20 01:57:57 - INFO - Deployment to staging environment started.
2025-08-20 01:57:57 - INFO - Artifact published successfully.
2025-08-20 01:57:57 - INFO - Build started for commit ID: 8b6906ef
2025-08-20 01:57:57 - INFO - Testing phase passed. No errors found.
2025-08-20 01:57:57 - INFO - Deployment to staging environment started.
2025-08-20 01:57:57 - INFO - Artifact published successfully.
2025-08-20 01:57:57 - INFO - Testing phase passed. No errors found.
2025-08-20 01:57:57 - INFO - Testing phase passed. No errors found.
2025-08-20 01:57:57 - INFO - Deployment to staging environment started.
2025-08-20 01:57:57 - INFO - Artifact published successfully.
2025-08-20 01:57:57 - ERROR - Deployment failed: Connection timeout to server 192.168.1.35
2025-08-20 01:57:57 - INFO - Testing phase passed. No errors found.
2025-08-20 01:57:57 - INFO - Build started for commit ID: 555f1ef1
2025-08-20 01:57:57 - ERROR - Build failed due to compilation errors in src/app_3.py
2025-08-20 01:57:57 - WARNING - Node version mismatch. Using fallback.
2025-08-20 01:57:57 - INFO - Build stage completed successfully in 990ms
2025-08-20 01:57:57 - INFO - Artifact published successfully.
2025-08-20 01:57:57 - INFO - Build started for commit ID: 88180a9d
2025-08-20 01:57:57 - INFO - Deployment to staging environment started.
2025-08-20 01:57:57 - INFO - Testing phase passed. No errors found.
2025-08-20 01:57:57 - WARNING - Node version mismatch. Using fallback.
2025-08-20 01:57:57 - ERROR - Container deployment error: Image app_image:v3.2 not found
2025-08-20 01:57:57 - INFO - Testing phase passed. No errors found.
2025-08-20 01:57:57 - INFO - Build started for commit ID: bc5d900d
2025-08-20 01:57:57 - INFO - Artifact published successfully.
2025-08-20 01:57:57 - INFO - Deployment to staging environment started.
2025-08-20 01:57:57 - INFO - Testing phase passed. No errors found.
2025-08-20 01:57:57 - INFO - Artifact published successfully.
2025-08-20 01:57:57 - INFO - Build stage completed successfully in 1636ms
2025-08-20 01:57:57 - INFO - Deployment to staging environment started.
2025-08-20 01:57:57 - ERROR - Test suite failed: test_feature_2
2025-08-20 01:57:57 - INFO - Artifact published successfully.
2025-08-20 01:57:57 - WARNING - Node version mismatch. Using fallback.
2025-08-20 01:57:57 - INFO - Build started for commit ID: 35462429
2025-08-20 01:57:57 - ERROR - Test suite failed: test_feature_2
2025-08-20 01:57:57 - INFO - Deployment to staging environment started.
2025-08-20 01:57:57 - ERROR - Build failed due to compilation errors in src/app_1.py
2025-08-20 01:57:57 - INFO - Build started for commit ID: 269225d0
2025-08-20 01:57:57 - INFO - Artifact published successfully.
2025-08-20 01:57:57 - INFO - Artifact published successfully.
2025-08-20 01:57:57 - INFO - Build started for commit ID: 55e32d58
2025-08-20 01:57:57 - INFO - Deployment to staging environment started.
2025-08-20 01:57:57 - INFO - Build started for commit ID: e6cac0ae
2025-08-20 01:57:57 - INFO - Build started for commit ID: 1b7d425f
2025-08-20 01:57:57 - INFO - Deployment to staging environment started.
2025-08-20 01:57:57 - WARNING - Build took longer than expected: 4737ms
2025-08-20 01:57:57 - ERROR - Container deployment error: Image app_image:v2.2 not found
2025-08-20 01:57:57 - ERROR - Deployment failed: Connection timeout to server 192.168.1.32
2025-08-20 01:57:57 - INFO - Build stage completed successfully in 3984ms
2025-08-20 01:57:57 - WARNING - Node version mismatch. Using fallback.
2025-08-20 01:57:57 - INFO - Build stage completed successfully in 4505ms
2025-08-20 01:57:57 - INFO - Deployment to staging environment started.
2025-08-20 01:57:57 - INFO - Build started for commit ID: c4db83c3
2025-08-20 01:57:57 - ERROR - Deployment failed: Connection timeout to server 192.168.1.37
2025-08-20 01:57:57 - INFO - Build stage completed successfully in 3082ms
2025-08-20 01:57:57 - INFO - Build started for commit ID: 9c1ec3c1
2025-08-20 01:57:57 - ERROR - Build failed due to compilation errors in src/app_1.py
2025-08-20 01:57:57 - INFO - Artifact published successfully.
2025-08-20 01:57:57 - INFO - Testing phase passed. No errors found.
2025-08-20 01:57:57 - INFO - Testing phase passed. No errors found.
2025-08-20 01:57:57 - WARNING - Build took longer than expected: 1724ms
2025-08-20 01:57:57 - INFO - Deployment to staging environment started.
2025-08-20 01:57:57 - INFO - Testing phase passed. No errors found.
2025-08-20 01:57:57 - INFO - Artifact published successfully.
2025-08-20 01:57:57 - INFO - Artifact published successfully.
2025-08-20 01:57:57 - INFO - Build stage completed successfully in 3419ms
2025-08-20 01:57:57 - ERROR - Deployment failed: Connection timeout to server 192.168.1.45
2025-08-20 01:57:57 - INFO - Deployment to staging environment started.
2025-08-20 01:57:57 - INFO - Deployment to staging environment started.
2025-08-20 01:57:57 - INFO - Deployment to staging environment started.
2025-08-20 01:57:57 - ERROR - Test suite failed: test_feature_4
2025-08-20 01:57:57 - INFO - Artifact published successfully.
2025-08-20 01:57:57 - INFO - Deployment to staging environment started.
2025-08-20 01:57:57 - INFO - Artifact published successfully.
2025-08-20 01:57:57 - INFO - Build started for commit ID: 2570bb27
2025-08-20 01:57:57 - WARNING - Build took longer than expected: 2099ms
2025-08-20 01:57:57 - INFO - Testing phase passed. No errors found.
2025-08-20 01:57:57 - INFO - Artifact published successfully.
2025-08-20 01:57:57 - INFO - Deployment to staging environment started.
2025-08-20 01:57:57 - INFO - Deployment to staging environment started.
2025-08-20 01:57:57 - INFO - Build stage completed successfully in 1570ms
2025-08-20 01:57:57 - INFO - Artifact published successfully.
2025-08-20 01:57:57 - INFO - Build started for commit ID: 8747fd8c
2025-08-20 01:57:57 - INFO - Build stage completed successfully in 4484ms
2025-08-20 01:57:57 - INFO - Testing phase passed. No errors found.
2025-08-20 01:57:57 - INFO - Artifact published successfully.
2025-08-20 01:57:57 - INFO - Build stage completed successfully in 753ms
2025-08-20 01:57:57 - WARNING - Build took longer than expected: 2760ms
2025-08-20 01:57:57 - INFO - Artifact published successfully.
2025-08-20 01:57:57 - INFO - Build stage completed successfully in 4124ms
2025-08-20 01:57:57 - WARNING - Build took longer than expected: 2131ms
2025-08-20 01:57:57 - INFO - Deployment to staging environment started.
2025-08-20 01:57:57 - INFO - Testing phase passed. No errors found.
2025-08-20 01:57:57 - INFO - Build started for commit ID: 80406d35
2025-08-20 01:57:57 - INFO - Testing phase passed. No errors found.
2025-08-20 01:57:57 - WARNING - Node version mismatch. Using fallback.
2025-08-20 01:57:57 - INFO - Build stage completed successfully in 4951ms
2025-08-20 01:57:57 - INFO - Build started for commit ID: 76528922
2025-08-20 01:57:57 - INFO - Artifact published successfully.
2025-08-20 01:57:57 - INFO - Build started for commit ID: cbb1cf3a
2025-08-20 01:57:57 - INFO - Artifact published successfully.
2025-08-20 01:57:57 - INFO - Testing phase passed. No errors found.
2025-08-20 01:57:57 - INFO - Build started for commit ID: 2e0b1a54
2025-08-20 01:57:57 - ERROR - Test suite failed: test_feature_3
2025-08-20 01:57:57 - INFO - Build stage completed successfully in 548ms
2025-08-20 01:57:57 - INFO - Build stage completed successfully in 2629ms
2025-08-20 01:57:57 - INFO - Artifact published successfully.
2025-08-20 01:57:57 - INFO - Deployment to staging environment started.
2025-08-20 01:57:57 - INFO - Artifact published successfully.
2025-08-20 01:57:57 - INFO - Testing phase passed. No errors found.
2025-08-20 01:57:57 - INFO - Build stage completed successfully in 2430ms
2025-08-20 01:57:57 - INFO - Build started for commit ID: 7cca3338
2025-08-20 01:57:57 - INFO - Testing phase passed. No errors found.
2025-08-20 01:57:57 - INFO - Testing phase passed. No errors found.
2025-08-20 01:57:57 - INFO - Testing phase passed. No errors found.
2025-08-20 01:57:57 - INFO - Artifact published successfully.
2025-08-20 01:57:57 - ERROR - Test suite failed: test_feature_1
2025-08-20 01:57:57 - INFO - Testing phase passed. No errors found.
2025-08-20 01:57:57 - INFO - Build stage completed successfully in 1776ms
2025-08-20 01:57:57 - INFO - Testing phase passed. No errors found.
2025-08-20 01:57:57 - INFO - Build started for commit ID: 4a5741a6
2025-08-20 01:57:57 - INFO - Build started for commit ID: dc457a1b
2025-08-20 01:57:57 - INFO - Build stage completed successfully in 2948ms
2025-08-20 01:57:57 - ERROR - Deployment failed: Connection timeout to server 192.168.1.46
2025-08-20 01:57:57 - INFO - Build stage completed successfully in 4053ms
2025-08-20 01:57:57 - INFO - Deployment to staging environment started.
2025-08-20 01:57:57 - INFO - Deployment to staging environment started.
2025-08-20 01:57:57 - INFO - Artifact published successfully.
2025-08-20 01:57:57 - ERROR - Deployment failed: Connection timeout to server 192.168.1.45
2025-08-20 01:57:57 - ERROR - Container deployment error: Image app_image:v1.2 not found
2025-08-20 01:57:57 - INFO - Build started for commit ID: 954873d9
2025-08-20 01:57:57 - ERROR - Container deployment error: Image app_image:v1.4 not found
2025-08-20 01:57:57 - ERROR - Container deployment error: Image app_image:v2.1 not found
2025-08-20 01:57:57 - WARNING - Disk usage above 80% on agent server
2025-08-20 01:57:57 - INFO - Artifact published successfully.
2025-08-20 01:57:57 - WARNING - Disk usage above 80% on agent server
2025-08-20 01:57:57 - INFO - Build started for commit ID: bb67e71c
2025-08-20 01:57:57 - WARNING - Node version mismatch. Using fallback.
2025-08-20 01:57:57 - INFO - Artifact published successfully.
2025-08-20 01:57:57 - INFO - Build stage completed successfully in 1638ms
2025-08-20 01:57:57 - INFO - Testing phase passed. No errors found.
2025-08-20 01:57:57 - INFO - Build started for commit ID: 8458cc1e
2025-08-20 01:57:57 - INFO - Build stage completed successfully in 2969ms
2025-08-20 01:57:57 - INFO - Artifact published successfully.
2025-08-20 01:57:57 - INFO - Deployment to staging environment started.
2025-08-20 01:57:57 - INFO - Build started for commit ID: e7bf3cfa
2025-08-20 01:57:57 - INFO - Build stage completed successfully in 2367ms
2025-08-20 01:57:57 - INFO - Build started for commit ID: c3d9162b
2025-08-20 01:57:57 - INFO - Artifact published successfully.
2025-08-20 01:57:57 - ERROR - Test suite failed: test_feature_10
2025-08-20 01:57:57 - INFO - Testing phase passed. No errors found.
2025-08-20 01:57:57 - INFO - Build stage completed successfully in 4524ms
2025-08-20 01:57:57 - INFO - Build started for commit ID: 705df902
2025-08-20 01:57:57 - INFO - Build stage completed successfully in 3672ms
2025-08-20 01:57:57 - INFO - Testing phase passed. No errors found.
2025-08-20 01:57:57 - INFO - Testing phase passed. No errors found.
2025-08-20 01:57:57 - ERROR - Container deployment error: Image app_image:v3.5 not found
2025-08-20 01:57:57 - INFO - Testing phase passed. No errors found.
2025-08-20 01:57:57 - INFO - Deployment to staging environment started.
2025-08-20 01:57:57 - INFO - Deployment to staging environment started.
2025-08-20 01:57:57 - INFO - Build started for commit ID: a813ae5c
2025-08-20 01:57:57 - INFO - Build stage completed successfully in 2425ms
2025-08-20 01:57:57 - ERROR - Test suite failed: test_feature_4
2025-08-20 01:57:57 - INFO - Deployment to staging environment started.
2025-08-20 01:57:57 - INFO - Deployment to staging environment started.
2025-08-20 01:57:57 - INFO - Testing phase passed. No errors found.
2025-08-20 01:57:57 - INFO - Artifact published successfully.
2025-08-20 01:57:57 - INFO - Build started for commit ID: dd192330
2025-08-20 01:57:57 - INFO - Artifact published successfully.
2025-08-20 01:57:57 - INFO - Build started for commit ID: af82075f
2025-08-20 01:57:57 - ERROR - Test suite failed: test_feature_10
2025-08-20 01:57:57 - WARNING - Disk usage above 80% on agent server
2025-08-20 01:57:57 - INFO - Testing phase passed. No errors found.
2025-08-20 01:57:57 - INFO - Build started for commit ID: eef88015
2025-08-20 01:57:57 - INFO - Artifact published successfully.
2025-08-20 01:57:57 - INFO - Deployment to staging environment started.
2025-08-20 01:57:57 - INFO - Artifact published successfully.
2025-08-20 01:57:57 - INFO - Testing phase passed. No errors found.
2025-08-20 01:57:57 - INFO - Build stage completed successfully in 1582ms
2025-08-20 01:57:57 - INFO - Artifact published successfully.
2025-08-20 01:57:57 - INFO - Artifact published successfully.
2025-08-20 01:57:57 - INFO - Build stage completed successfully in 2182ms
2025-08-20 01:57:57 - ERROR - Build failed due to compilation errors in src/app_1.py
2025-08-20 01:57:57 - ERROR - Container deployment error: Image app_image:v2.2 not found
2025-08-20 01:57:57 - WARNING - Build took longer than expected: 127ms
2025-08-20 01:57:57 - INFO - Artifact published successfully.
2025-08-20 01:57:57 - INFO - Artifact published successfully.
2025-08-20 01:57:57 - INFO - Build started for commit ID: e1da905d
2025-08-20 01:57:57 - INFO - Deployment to staging environment started.
2025-08-20 01:57:57 - INFO - Build stage completed successfully in 149ms
2025-08-20 01:57:57 - INFO - Build stage completed successfully in 3401ms
2025-08-20 01:57:57 - ERROR - Build failed due to compilation errors in src/app_2.py
2025-08-20 01:57:57 - INFO - Deployment to staging environment started.
2025-08-20 01:57:57 - WARNING - Build took longer than expected: 448ms
2025-08-20 01:57:57 - INFO - Deployment to staging environment started.
2025-08-20 01:57:57 - INFO - Artifact published successfully.
2025-08-20 01:57:57 - INFO - Deployment to staging environment started.
2025-08-20 01:57:57 - INFO - Deployment to staging environment started.
2025-08-20 01:57:57 - INFO - Build started for commit ID: eabff7ff
2025-08-20 01:57:57 - ERROR - Container deployment error: Image app_image:v3.0 not found
2025-08-20 01:57:57 - INFO - Build stage completed successfully in 4568ms
2025-08-20 01:57:57 - ERROR - Deployment failed: Connection timeout to server 192.168.1.17
2025-08-20 01:57:57 - INFO - Artifact published successfully.
